{"/Users/lakshmana/projects/perse/react_prep/components/RenderDebugBadge.tsx": {"path":"/Users/lakshmana/projects/perse/react_prep/components/RenderDebugBadge.tsx","statementMap":{"0":{"start":{"line":6,"column":0},"end":{"line":6,"column":24}},"1":{"start":{"line":7,"column":2},"end":{"line":11,"column":4}}},"fnMap":{"0":{"name":"RenderDebugBadge","decl":{"start":{"line":6,"column":24},"end":{"line":6,"column":40}},"loc":{"start":{"line":6,"column":79},"end":{"line":12,"column":1}}}},"branchMap":{},"s":{"0":1,"1":1},"f":{"0":1},"b":{}}
,"/Users/lakshmana/projects/perse/react_prep/components/context/splitUserContext.tsx": {"path":"/Users/lakshmana/projects/perse/react_prep/components/context/splitUserContext.tsx","statementMap":{"0":{"start":{"line":24,"column":0},"end":{"line":24,"column":16}},"1":{"start":{"line":49,"column":0},"end":{"line":49,"column":16}},"2":{"start":{"line":59,"column":0},"end":{"line":59,"column":16}},"3":{"start":{"line":3,"column":0},"end":{"line":3,"column":null}},"4":{"start":{"line":10,"column":0},"end":{"line":10,"column":76}},"5":{"start":{"line":21,"column":25},"end":{"line":21,"column":61}},"6":{"start":{"line":22,"column":28},"end":{"line":22,"column":68}},"7":{"start":{"line":25,"column":26},"end":{"line":25,"column":57}},"8":{"start":{"line":30,"column":19},"end":{"line":36,"column":null}},"9":{"start":{"line":31,"column":11},"end":{"line":35,"column":6}},"10":{"start":{"line":32,"column":25},"end":{"line":32,"column":69}},"11":{"start":{"line":32,"column":46},"end":{"line":32,"column":68}},"12":{"start":{"line":33,"column":23},"end":{"line":33,"column":66}},"13":{"start":{"line":33,"column":44},"end":{"line":33,"column":65}},"14":{"start":{"line":34,"column":29},"end":{"line":34,"column":75}},"15":{"start":{"line":34,"column":50},"end":{"line":34,"column":74}},"16":{"start":{"line":41,"column":2},"end":{"line":45,"column":4}},"17":{"start":{"line":50,"column":18},"end":{"line":50,"column":46}},"18":{"start":{"line":51,"column":2},"end":{"line":53,"column":3}},"19":{"start":{"line":52,"column":4},"end":{"line":52,"column":74}},"20":{"start":{"line":54,"column":2},"end":{"line":54,"column":17}},"21":{"start":{"line":60,"column":18},"end":{"line":60,"column":49}},"22":{"start":{"line":61,"column":2},"end":{"line":63,"column":3}},"23":{"start":{"line":62,"column":4},"end":{"line":62,"column":77}},"24":{"start":{"line":64,"column":2},"end":{"line":64,"column":17}}},"fnMap":{"0":{"name":"SplitUserProvider","decl":{"start":{"line":24,"column":16},"end":{"line":24,"column":33}},"loc":{"start":{"line":24,"column":71},"end":{"line":46,"column":1}}},"1":{"name":"(anonymous_1)","decl":{"start":{"line":31,"column":4},"end":{"line":31,"column":7}},"loc":{"start":{"line":31,"column":11},"end":{"line":35,"column":6}}},"2":{"name":"(anonymous_2)","decl":{"start":{"line":32,"column":15},"end":{"line":32,"column":16}},"loc":{"start":{"line":32,"column":25},"end":{"line":32,"column":69}}},"3":{"name":"(anonymous_3)","decl":{"start":{"line":32,"column":33},"end":{"line":32,"column":34}},"loc":{"start":{"line":32,"column":46},"end":{"line":32,"column":68}}},"4":{"name":"(anonymous_4)","decl":{"start":{"line":33,"column":14},"end":{"line":33,"column":15}},"loc":{"start":{"line":33,"column":23},"end":{"line":33,"column":66}}},"5":{"name":"(anonymous_5)","decl":{"start":{"line":33,"column":31},"end":{"line":33,"column":32}},"loc":{"start":{"line":33,"column":44},"end":{"line":33,"column":65}}},"6":{"name":"(anonymous_6)","decl":{"start":{"line":34,"column":17},"end":{"line":34,"column":18}},"loc":{"start":{"line":34,"column":29},"end":{"line":34,"column":75}}},"7":{"name":"(anonymous_7)","decl":{"start":{"line":34,"column":37},"end":{"line":34,"column":38}},"loc":{"start":{"line":34,"column":50},"end":{"line":34,"column":74}}},"8":{"name":"useUserState","decl":{"start":{"line":49,"column":16},"end":{"line":49,"column":28}},"loc":{"start":{"line":49,"column":28},"end":{"line":55,"column":1}}},"9":{"name":"useUserDispatch","decl":{"start":{"line":59,"column":16},"end":{"line":59,"column":31}},"loc":{"start":{"line":59,"column":31},"end":{"line":65,"column":1}}}},"branchMap":{"0":{"loc":{"start":{"line":51,"column":2},"end":{"line":53,"column":3}},"type":"if","locations":[{"start":{"line":51,"column":2},"end":{"line":53,"column":3}},{"start":{},"end":{}}]},"1":{"loc":{"start":{"line":61,"column":2},"end":{"line":63,"column":3}},"type":"if","locations":[{"start":{"line":61,"column":2},"end":{"line":63,"column":3}},{"start":{},"end":{}}]}},"s":{"0":1,"1":1,"2":1,"3":1,"4":1,"5":1,"6":1,"7":7,"8":7,"9":4,"10":1,"11":1,"12":1,"13":1,"14":1,"15":1,"16":7,"17":10,"18":9,"19":2,"20":7,"21":6,"22":5,"23":2,"24":3},"f":{"0":7,"1":4,"2":1,"3":1,"4":1,"5":1,"6":1,"7":1,"8":10,"9":6},"b":{"0":[2,7],"1":[2,3]}}
,"/Users/lakshmana/projects/perse/react_prep/components/context/userContext.tsx": {"path":"/Users/lakshmana/projects/perse/react_prep/components/context/userContext.tsx","statementMap":{"0":{"start":{"line":22,"column":0},"end":{"line":22,"column":16}},"1":{"start":{"line":54,"column":0},"end":{"line":54,"column":16}},"2":{"start":{"line":3,"column":0},"end":{"line":3,"column":null}},"3":{"start":{"line":10,"column":0},"end":{"line":10,"column":76}},"4":{"start":{"line":20,"column":20},"end":{"line":20,"column":64}},"5":{"start":{"line":30,"column":26},"end":{"line":30,"column":52}},"6":{"start":{"line":31,"column":24},"end":{"line":31,"column":49}},"7":{"start":{"line":32,"column":30},"end":{"line":32,"column":58}},"8":{"start":{"line":37,"column":16},"end":{"line":46,"column":null}},"9":{"start":{"line":38,"column":11},"end":{"line":45,"column":6}},"10":{"start":{"line":50,"column":2},"end":{"line":50,"column":61}},"11":{"start":{"line":55,"column":18},"end":{"line":55,"column":41}},"12":{"start":{"line":56,"column":2},"end":{"line":58,"column":3}},"13":{"start":{"line":57,"column":4},"end":{"line":57,"column":64}},"14":{"start":{"line":59,"column":2},"end":{"line":59,"column":17}}},"fnMap":{"0":{"name":"UserProvider","decl":{"start":{"line":22,"column":16},"end":{"line":22,"column":28}},"loc":{"start":{"line":29,"column":1},"end":{"line":51,"column":1}}},"1":{"name":"(anonymous_1)","decl":{"start":{"line":38,"column":4},"end":{"line":38,"column":7}},"loc":{"start":{"line":38,"column":11},"end":{"line":45,"column":6}}},"2":{"name":"useUser","decl":{"start":{"line":54,"column":16},"end":{"line":54,"column":23}},"loc":{"start":{"line":54,"column":23},"end":{"line":60,"column":1}}}},"branchMap":{"0":{"loc":{"start":{"line":24,"column":2},"end":{"line":24,"column":27}},"type":"default-arg","locations":[{"start":{"line":24,"column":16},"end":{"line":24,"column":27}}]},"1":{"loc":{"start":{"line":56,"column":2},"end":{"line":58,"column":3}},"type":"if","locations":[{"start":{"line":56,"column":2},"end":{"line":58,"column":3}},{"start":{},"end":{}}]}},"s":{"0":1,"1":1,"2":1,"3":1,"4":1,"5":8,"6":8,"7":8,"8":8,"9":8,"10":8,"11":11,"12":10,"13":2,"14":8},"f":{"0":8,"1":8,"2":11},"b":{"0":[7],"1":[2,8]}}
,"/Users/lakshmana/projects/perse/react_prep/components/context/userTypes.ts": {"path":"/Users/lakshmana/projects/perse/react_prep/components/context/userTypes.ts","statementMap":{"0":{"start":{"line":7,"column":13},"end":{"line":11,"column":2}}},"fnMap":{},"branchMap":{},"s":{"0":3},"f":{},"b":{}}
,"/Users/lakshmana/projects/perse/react_prep/lib/debugLog.ts": {"path":"/Users/lakshmana/projects/perse/react_prep/lib/debugLog.ts","statementMap":{"0":{"start":{"line":2,"column":0},"end":{"line":2,"column":16}},"1":{"start":{"line":3,"column":2},"end":{"line":3,"column":44}},"2":{"start":{"line":3,"column":37},"end":{"line":3,"column":44}},"3":{"start":{"line":4,"column":2},"end":{"line":4,"column":23}}},"fnMap":{"0":{"name":"debugLog","decl":{"start":{"line":2,"column":16},"end":{"line":2,"column":24}},"loc":{"start":{"line":2,"column":43},"end":{"line":5,"column":1}}}},"branchMap":{"0":{"loc":{"start":{"line":3,"column":2},"end":{"line":3,"column":44}},"type":"if","locations":[{"start":{"line":3,"column":2},"end":{"line":3,"column":44}},{"start":{},"end":{}}]}},"s":{"0":1,"1":1,"2":0,"3":1},"f":{"0":1},"b":{"0":[0,1]}}
,"/Users/lakshmana/projects/perse/react_prep/lib/mock/demoApi.ts": {"path":"/Users/lakshmana/projects/perse/react_prep/lib/mock/demoApi.ts","statementMap":{"0":{"start":{"line":19,"column":0},"end":{"line":19,"column":7}},"1":{"start":{"line":28,"column":0},"end":{"line":28,"column":7}},"2":{"start":{"line":36,"column":0},"end":{"line":36,"column":16}},"3":{"start":{"line":54,"column":0},"end":{"line":54,"column":7}},"4":{"start":{"line":62,"column":0},"end":{"line":62,"column":7}},"5":{"start":{"line":6,"column":24},"end":{"line":10,"column":2}},"6":{"start":{"line":12,"column":18},"end":{"line":12,"column":19}},"7":{"start":{"line":13,"column":17},"end":{"line":13,"column":18}},"8":{"start":{"line":16,"column":2},"end":{"line":16,"column":59}},"9":{"start":{"line":16,"column":34},"end":{"line":16,"column":57}},"10":{"start":{"line":20,"column":2},"end":{"line":20,"column":19}},"11":{"start":{"line":21,"column":2},"end":{"line":21,"column":18}},"12":{"start":{"line":22,"column":2},"end":{"line":24,"column":3}},"13":{"start":{"line":23,"column":4},"end":{"line":23,"column":54}},"14":{"start":{"line":25,"column":2},"end":{"line":25,"column":23}},"15":{"start":{"line":29,"column":18},"end":{"line":29,"column":29}},"16":{"start":{"line":30,"column":2},"end":{"line":30,"column":58}},"17":{"start":{"line":30,"column":16},"end":{"line":30,"column":58}},"18":{"start":{"line":31,"column":2},"end":{"line":31,"column":19}},"19":{"start":{"line":32,"column":2},"end":{"line":32,"column":65}},"20":{"start":{"line":33,"column":2},"end":{"line":33,"column":23}},"21":{"start":{"line":37,"column":2},"end":{"line":37,"column":20}},"22":{"start":{"line":46,"column":22},"end":{"line":50,"column":2}},"23":{"start":{"line":52,"column":17},"end":{"line":52,"column":18}},"24":{"start":{"line":55,"column":2},"end":{"line":55,"column":19}},"25":{"start":{"line":56,"column":2},"end":{"line":58,"column":3}},"26":{"start":{"line":57,"column":4},"end":{"line":57,"column":41}},"27":{"start":{"line":59,"column":2},"end":{"line":59,"column":22}},"28":{"start":{"line":66,"column":15},"end":{"line":66,"column":32}},"29":{"start":{"line":67,"column":15},"end":{"line":67,"column":32}},"30":{"start":{"line":68,"column":2},"end":{"line":68,"column":68}},"31":{"start":{"line":68,"column":22},"end":{"line":68,"column":68}},"32":{"start":{"line":69,"column":2},"end":{"line":69,"column":19}},"33":{"start":{"line":70,"column":15},"end":{"line":70,"column":47}},"34":{"start":{"line":71,"column":2},"end":{"line":71,"column":31}},"35":{"start":{"line":72,"column":2},"end":{"line":72,"column":14}}},"fnMap":{"0":{"name":"delay","decl":{"start":{"line":15,"column":9},"end":{"line":15,"column":14}},"loc":{"start":{"line":15,"column":25},"end":{"line":17,"column":1}}},"1":{"name":"(anonymous_1)","decl":{"start":{"line":16,"column":21},"end":{"line":16,"column":22}},"loc":{"start":{"line":16,"column":34},"end":{"line":16,"column":57}}},"2":{"name":"fetchFruits","decl":{"start":{"line":19,"column":22},"end":{"line":19,"column":33}},"loc":{"start":{"line":19,"column":62},"end":{"line":26,"column":1}}},"3":{"name":"addFruit","decl":{"start":{"line":28,"column":22},"end":{"line":28,"column":30}},"loc":{"start":{"line":28,"column":43},"end":{"line":34,"column":1}}},"4":{"name":"getFruitFetchCount","decl":{"start":{"line":36,"column":16},"end":{"line":36,"column":34}},"loc":{"start":{"line":36,"column":34},"end":{"line":38,"column":1}}},"5":{"name":"fetchUsers","decl":{"start":{"line":54,"column":22},"end":{"line":54,"column":32}},"loc":{"start":{"line":54,"column":61},"end":{"line":60,"column":1}}},"6":{"name":"createUser","decl":{"start":{"line":62,"column":22},"end":{"line":62,"column":32}},"loc":{"start":{"line":65,"column":1},"end":{"line":73,"column":1}}}},"branchMap":{"0":{"loc":{"start":{"line":22,"column":2},"end":{"line":24,"column":3}},"type":"if","locations":[{"start":{"line":22,"column":2},"end":{"line":24,"column":3}},{"start":{},"end":{}}]},"1":{"loc":{"start":{"line":22,"column":6},"end":{"line":22,"column":19}},"type":"cond-expr","locations":[{"start":{"line":22,"column":13},"end":{"line":22,"column":15}},{"start":{"line":22,"column":6},"end":{"line":22,"column":19}}]},"2":{"loc":{"start":{"line":22,"column":6},"end":{"line":22,"column":15}},"type":"binary-expr","locations":[{"start":{"line":22,"column":6},"end":{"line":22,"column":15}},{"start":{"line":22,"column":6},"end":{"line":22,"column":15}}]},"3":{"loc":{"start":{"line":30,"column":2},"end":{"line":30,"column":58}},"type":"if","locations":[{"start":{"line":30,"column":2},"end":{"line":30,"column":58}},{"start":{},"end":{}}]},"4":{"loc":{"start":{"line":56,"column":2},"end":{"line":58,"column":3}},"type":"if","locations":[{"start":{"line":56,"column":2},"end":{"line":58,"column":3}},{"start":{},"end":{}}]},"5":{"loc":{"start":{"line":56,"column":6},"end":{"line":56,"column":19}},"type":"cond-expr","locations":[{"start":{"line":56,"column":13},"end":{"line":56,"column":15}},{"start":{"line":56,"column":6},"end":{"line":56,"column":19}}]},"6":{"loc":{"start":{"line":56,"column":6},"end":{"line":56,"column":15}},"type":"binary-expr","locations":[{"start":{"line":56,"column":6},"end":{"line":56,"column":15}},{"start":{"line":56,"column":6},"end":{"line":56,"column":15}}]},"7":{"loc":{"start":{"line":68,"column":2},"end":{"line":68,"column":68}},"type":"if","locations":[{"start":{"line":68,"column":2},"end":{"line":68,"column":68}},{"start":{},"end":{}}]},"8":{"loc":{"start":{"line":68,"column":6},"end":{"line":68,"column":20}},"type":"binary-expr","locations":[{"start":{"line":68,"column":6},"end":{"line":68,"column":11}},{"start":{"line":68,"column":15},"end":{"line":68,"column":20}}]}},"s":{"0":3,"1":3,"2":3,"3":3,"4":3,"5":3,"6":3,"7":3,"8":6,"9":6,"10":2,"11":2,"12":2,"13":1,"14":1,"15":2,"16":2,"17":1,"18":1,"19":1,"20":1,"21":2,"22":3,"23":3,"24":2,"25":2,"26":1,"27":1,"28":2,"29":2,"30":2,"31":1,"32":1,"33":1,"34":1,"35":1},"f":{"0":6,"1":6,"2":2,"3":2,"4":2,"5":2,"6":2},"b":{"0":[1,1],"1":[1,1],"2":[2,2],"3":[1,1],"4":[1,1],"5":[1,1],"6":[2,2],"7":[1,1],"8":[2,1]}}
,"/Users/lakshmana/projects/perse/react_prep/lib/redux/counterSlice.ts": {"path":"/Users/lakshmana/projects/perse/react_prep/lib/redux/counterSlice.ts","statementMap":{"0":{"start":{"line":3,"column":0},"end":{"line":3,"column":65}},"1":{"start":{"line":12,"column":35},"end":{"line":17,"column":2}},"2":{"start":{"line":20,"column":13},"end":{"line":23,"column":3}},"3":{"start":{"line":21,"column":2},"end":{"line":21,"column":60}},"4":{"start":{"line":21,"column":33},"end":{"line":21,"column":58}},"5":{"start":{"line":22,"column":2},"end":{"line":22,"column":11}},"6":{"start":{"line":25,"column":21},"end":{"line":61,"column":2}},"7":{"start":{"line":31,"column":6},"end":{"line":31,"column":23}},"8":{"start":{"line":32,"column":6},"end":{"line":32,"column":37}},"9":{"start":{"line":35,"column":6},"end":{"line":35,"column":23}},"10":{"start":{"line":36,"column":6},"end":{"line":36,"column":37}},"11":{"start":{"line":39,"column":6},"end":{"line":39,"column":22}},"12":{"start":{"line":40,"column":6},"end":{"line":40,"column":33}},"13":{"start":{"line":41,"column":6},"end":{"line":41,"column":28}},"14":{"start":{"line":46,"column":4},"end":{"line":59,"column":9}},"15":{"start":{"line":48,"column":8},"end":{"line":48,"column":33}},"16":{"start":{"line":49,"column":8},"end":{"line":49,"column":48}},"17":{"start":{"line":52,"column":8},"end":{"line":52,"column":38}},"18":{"start":{"line":53,"column":8},"end":{"line":53,"column":30}},"19":{"start":{"line":54,"column":8},"end":{"line":54,"column":50}},"20":{"start":{"line":57,"column":8},"end":{"line":57,"column":30}},"21":{"start":{"line":58,"column":8},"end":{"line":58,"column":49}},"22":{"start":{"line":63,"column":13},"end":{"line":63,"column":47}},"23":{"start":{"line":64,"column":0},"end":{"line":64,"column":36}}},"fnMap":{"0":{"name":"(anonymous_0)","decl":{"start":{"line":20,"column":65},"end":{"line":20,"column":70}},"loc":{"start":{"line":20,"column":76},"end":{"line":23,"column":1}}},"1":{"name":"(anonymous_1)","decl":{"start":{"line":21,"column":20},"end":{"line":21,"column":21}},"loc":{"start":{"line":21,"column":33},"end":{"line":21,"column":58}}},"2":{"name":"(anonymous_2)","decl":{"start":{"line":30,"column":15},"end":{"line":30,"column":16}},"loc":{"start":{"line":30,"column":25},"end":{"line":33,"column":5}}},"3":{"name":"(anonymous_3)","decl":{"start":{"line":34,"column":15},"end":{"line":34,"column":16}},"loc":{"start":{"line":34,"column":25},"end":{"line":37,"column":5}}},"4":{"name":"(anonymous_4)","decl":{"start":{"line":38,"column":11},"end":{"line":38,"column":12}},"loc":{"start":{"line":38,"column":21},"end":{"line":42,"column":5}}},"5":{"name":"(anonymous_5)","decl":{"start":{"line":45,"column":17},"end":{"line":45,"column":18}},"loc":{"start":{"line":45,"column":29},"end":{"line":60,"column":3}}},"6":{"name":"(anonymous_6)","decl":{"start":{"line":47,"column":35},"end":{"line":47,"column":36}},"loc":{"start":{"line":47,"column":45},"end":{"line":50,"column":7}}},"7":{"name":"(anonymous_7)","decl":{"start":{"line":51,"column":37},"end":{"line":51,"column":38}},"loc":{"start":{"line":51,"column":55},"end":{"line":55,"column":7}}},"8":{"name":"(anonymous_8)","decl":{"start":{"line":56,"column":36},"end":{"line":56,"column":37}},"loc":{"start":{"line":56,"column":46},"end":{"line":59,"column":7}}}},"branchMap":{},"s":{"0":4,"1":4,"2":4,"3":2,"4":2,"5":1,"6":4,"7":7,"8":7,"9":1,"10":1,"11":1,"12":1,"13":1,"14":4,"15":4,"16":4,"17":2,"18":2,"19":2,"20":1,"21":1,"22":4,"23":4},"f":{"0":2,"1":2,"2":7,"3":1,"4":1,"5":4,"6":4,"7":2,"8":1},"b":{}}
,"/Users/lakshmana/projects/perse/react_prep/lib/redux/hooks.ts": {"path":"/Users/lakshmana/projects/perse/react_prep/lib/redux/hooks.ts","statementMap":{"0":{"start":{"line":3,"column":0},"end":{"line":3,"column":55}},"1":{"start":{"line":6,"column":13},"end":{"line":6,"column":67}},"2":{"start":{"line":7,"column":13},"end":{"line":7,"column":65}}},"fnMap":{},"branchMap":{},"s":{"0":1,"1":1,"2":1},"f":{},"b":{}}
,"/Users/lakshmana/projects/perse/react_prep/lib/redux/selectors.ts": {"path":"/Users/lakshmana/projects/perse/react_prep/lib/redux/selectors.ts","statementMap":{"0":{"start":{"line":3,"column":0},"end":{"line":3,"column":50}},"1":{"start":{"line":6,"column":20},"end":{"line":6,"column":61}},"2":{"start":{"line":6,"column":42},"end":{"line":6,"column":61}},"3":{"start":{"line":7,"column":20},"end":{"line":7,"column":56}},"4":{"start":{"line":7,"column":42},"end":{"line":7,"column":56}},"5":{"start":{"line":10,"column":13},"end":{"line":10,"column":85}},"6":{"start":{"line":10,"column":74},"end":{"line":10,"column":83}},"7":{"start":{"line":13,"column":13},"end":{"line":16,"column":2}},"8":{"start":{"line":15,"column":20},"end":{"line":15,"column":52}}},"fnMap":{"0":{"name":"(anonymous_0)","decl":{"start":{"line":6,"column":20},"end":{"line":6,"column":21}},"loc":{"start":{"line":6,"column":42},"end":{"line":6,"column":61}}},"1":{"name":"(anonymous_1)","decl":{"start":{"line":7,"column":20},"end":{"line":7,"column":21}},"loc":{"start":{"line":7,"column":42},"end":{"line":7,"column":56}}},"2":{"name":"(anonymous_2)","decl":{"start":{"line":10,"column":63},"end":{"line":10,"column":64}},"loc":{"start":{"line":10,"column":74},"end":{"line":10,"column":83}}},"3":{"name":"(anonymous_3)","decl":{"start":{"line":15,"column":2},"end":{"line":15,"column":3}},"loc":{"start":{"line":15,"column":20},"end":{"line":15,"column":52}}}},"branchMap":{},"s":{"0":1,"1":1,"2":5,"3":1,"4":2,"5":1,"6":2,"7":1,"8":1},"f":{"0":5,"1":2,"2":2,"3":1},"b":{}}
,"/Users/lakshmana/projects/perse/react_prep/lib/redux/store.ts": {"path":"/Users/lakshmana/projects/perse/react_prep/lib/redux/store.ts","statementMap":{"0":{"start":{"line":7,"column":0},"end":{"line":7,"column":16}},"1":{"start":{"line":3,"column":0},"end":{"line":3,"column":50}},"2":{"start":{"line":4,"column":0},"end":{"line":4,"column":54}},"3":{"start":{"line":5,"column":0},"end":{"line":5,"column":44}},"4":{"start":{"line":8,"column":2},"end":{"line":13,"column":5}}},"fnMap":{"0":{"name":"createDemoStore","decl":{"start":{"line":7,"column":16},"end":{"line":7,"column":31}},"loc":{"start":{"line":7,"column":31},"end":{"line":14,"column":1}}}},"branchMap":{},"s":{"0":4,"1":4,"2":4,"3":4,"4":9},"f":{"0":9},"b":{}}
,"/Users/lakshmana/projects/perse/react_prep/lib/redux/thunkHooks.ts": {"path":"/Users/lakshmana/projects/perse/react_prep/lib/redux/thunkHooks.ts","statementMap":{"0":{"start":{"line":3,"column":0},"end":{"line":3,"column":55}},"1":{"start":{"line":6,"column":13},"end":{"line":6,"column":74}},"2":{"start":{"line":7,"column":13},"end":{"line":7,"column":72}}},"fnMap":{},"branchMap":{},"s":{"0":1,"1":1,"2":1},"f":{},"b":{}}
,"/Users/lakshmana/projects/perse/react_prep/lib/redux/thunkStore.ts": {"path":"/Users/lakshmana/projects/perse/react_prep/lib/redux/thunkStore.ts","statementMap":{"0":{"start":{"line":6,"column":0},"end":{"line":6,"column":16}},"1":{"start":{"line":3,"column":0},"end":{"line":3,"column":50}},"2":{"start":{"line":4,"column":0},"end":{"line":4,"column":50}},"3":{"start":{"line":7,"column":2},"end":{"line":11,"column":5}}},"fnMap":{"0":{"name":"createThunkDemoStore","decl":{"start":{"line":6,"column":16},"end":{"line":6,"column":36}},"loc":{"start":{"line":6,"column":36},"end":{"line":12,"column":1}}}},"branchMap":{},"s":{"0":3,"1":3,"2":3,"3":10},"f":{"0":10},"b":{}}
,"/Users/lakshmana/projects/perse/react_prep/lib/redux/uiSlice.ts": {"path":"/Users/lakshmana/projects/perse/react_prep/lib/redux/uiSlice.ts","statementMap":{"0":{"start":{"line":3,"column":0},"end":{"line":3,"column":47}},"1":{"start":{"line":9,"column":30},"end":{"line":11,"column":2}},"2":{"start":{"line":13,"column":16},"end":{"line":24,"column":2}},"3":{"start":{"line":18,"column":6},"end":{"line":18,"column":63}},"4":{"start":{"line":21,"column":6},"end":{"line":21,"column":35}},"5":{"start":{"line":26,"column":13},"end":{"line":26,"column":41}},"6":{"start":{"line":27,"column":0},"end":{"line":27,"column":31}}},"fnMap":{"0":{"name":"(anonymous_0)","decl":{"start":{"line":17,"column":17},"end":{"line":17,"column":18}},"loc":{"start":{"line":17,"column":27},"end":{"line":19,"column":5}}},"1":{"name":"(anonymous_1)","decl":{"start":{"line":20,"column":14},"end":{"line":20,"column":15}},"loc":{"start":{"line":20,"column":63},"end":{"line":22,"column":5}}}},"branchMap":{"0":{"loc":{"start":{"line":18,"column":20},"end":{"line":18,"column":62}},"type":"cond-expr","locations":[{"start":{"line":18,"column":46},"end":{"line":18,"column":52}},{"start":{"line":18,"column":55},"end":{"line":18,"column":62}}]}},"s":{"0":5,"1":5,"2":5,"3":5,"4":1,"5":5,"6":5},"f":{"0":5,"1":1},"b":{"0":[4,1]}}
,"/Users/lakshmana/projects/perse/react_prep/lib/redux/usersSlice.ts": {"path":"/Users/lakshmana/projects/perse/react_prep/lib/redux/usersSlice.ts","statementMap":{"0":{"start":{"line":3,"column":0},"end":{"line":3,"column":65}},"1":{"start":{"line":4,"column":0},"end":{"line":4,"column":71}},"2":{"start":{"line":15,"column":33},"end":{"line":22,"column":2}},"3":{"start":{"line":25,"column":13},"end":{"line":36,"column":2}},"4":{"start":{"line":28,"column":4},"end":{"line":34,"column":5}},"5":{"start":{"line":29,"column":6},"end":{"line":29,"column":39}},"6":{"start":{"line":31,"column":6},"end":{"line":33,"column":8}},"7":{"start":{"line":39,"column":13},"end":{"line":53,"column":2}},"8":{"start":{"line":45,"column":4},"end":{"line":51,"column":5}},"9":{"start":{"line":46,"column":6},"end":{"line":46,"column":37}},"10":{"start":{"line":48,"column":6},"end":{"line":50,"column":8}},"11":{"start":{"line":55,"column":19},"end":{"line":97,"column":2}},"12":{"start":{"line":60,"column":6},"end":{"line":60,"column":25}},"13":{"start":{"line":61,"column":6},"end":{"line":61,"column":31}},"14":{"start":{"line":65,"column":4},"end":{"line":95,"column":9}},"15":{"start":{"line":67,"column":8},"end":{"line":67,"column":33}},"16":{"start":{"line":68,"column":8},"end":{"line":68,"column":27}},"17":{"start":{"line":69,"column":8},"end":{"line":69,"column":47}},"18":{"start":{"line":72,"column":8},"end":{"line":72,"column":35}},"19":{"start":{"line":73,"column":8},"end":{"line":73,"column":37}},"20":{"start":{"line":74,"column":8},"end":{"line":74,"column":49}},"21":{"start":{"line":77,"column":8},"end":{"line":77,"column":32}},"22":{"start":{"line":78,"column":8},"end":{"line":78,"column":80}},"23":{"start":{"line":79,"column":8},"end":{"line":79,"column":48}},"24":{"start":{"line":82,"column":8},"end":{"line":82,"column":39}},"25":{"start":{"line":83,"column":8},"end":{"line":83,"column":33}},"26":{"start":{"line":84,"column":8},"end":{"line":84,"column":45}},"27":{"start":{"line":87,"column":8},"end":{"line":87,"column":36}},"28":{"start":{"line":88,"column":8},"end":{"line":88,"column":55}},"29":{"start":{"line":89,"column":8},"end":{"line":89,"column":47}},"30":{"start":{"line":92,"column":8},"end":{"line":92,"column":38}},"31":{"start":{"line":93,"column":8},"end":{"line":93,"column":86}},"32":{"start":{"line":94,"column":8},"end":{"line":94,"column":46}},"33":{"start":{"line":99,"column":15},"end":{"line":99,"column":54}},"34":{"start":{"line":100,"column":0},"end":{"line":100,"column":34}}},"fnMap":{"0":{"name":"(anonymous_0)","decl":{"start":{"line":27,"column":2},"end":{"line":27,"column":7}},"loc":{"start":{"line":27,"column":66},"end":{"line":35,"column":3}}},"1":{"name":"(anonymous_1)","decl":{"start":{"line":41,"column":2},"end":{"line":41,"column":7}},"loc":{"start":{"line":44,"column":6},"end":{"line":52,"column":3}}},"2":{"name":"(anonymous_2)","decl":{"start":{"line":59,"column":21},"end":{"line":59,"column":22}},"loc":{"start":{"line":59,"column":31},"end":{"line":62,"column":5}}},"3":{"name":"(anonymous_3)","decl":{"start":{"line":64,"column":17},"end":{"line":64,"column":18}},"loc":{"start":{"line":64,"column":29},"end":{"line":96,"column":3}}},"4":{"name":"(anonymous_4)","decl":{"start":{"line":66,"column":34},"end":{"line":66,"column":35}},"loc":{"start":{"line":66,"column":44},"end":{"line":70,"column":7}}},"5":{"name":"(anonymous_5)","decl":{"start":{"line":71,"column":36},"end":{"line":71,"column":37}},"loc":{"start":{"line":71,"column":54},"end":{"line":75,"column":7}}},"6":{"name":"(anonymous_6)","decl":{"start":{"line":76,"column":35},"end":{"line":76,"column":36}},"loc":{"start":{"line":76,"column":53},"end":{"line":80,"column":7}}},"7":{"name":"(anonymous_7)","decl":{"start":{"line":81,"column":32},"end":{"line":81,"column":33}},"loc":{"start":{"line":81,"column":42},"end":{"line":85,"column":7}}},"8":{"name":"(anonymous_8)","decl":{"start":{"line":86,"column":34},"end":{"line":86,"column":35}},"loc":{"start":{"line":86,"column":52},"end":{"line":90,"column":7}}},"9":{"name":"(anonymous_9)","decl":{"start":{"line":91,"column":33},"end":{"line":91,"column":34}},"loc":{"start":{"line":91,"column":51},"end":{"line":95,"column":7}}}},"branchMap":{"0":{"loc":{"start":{"line":27,"column":9},"end":{"line":27,"column":41}},"type":"default-arg","locations":[{"start":{"line":27,"column":39},"end":{"line":27,"column":41}}]},"1":{"loc":{"start":{"line":32,"column":8},"end":{"line":32,"column":71}},"type":"cond-expr","locations":[{"start":{"line":32,"column":33},"end":{"line":32,"column":46}},{"start":{"line":32,"column":49},"end":{"line":32,"column":71}}]},"2":{"loc":{"start":{"line":49,"column":8},"end":{"line":49,"column":72}},"type":"cond-expr","locations":[{"start":{"line":49,"column":33},"end":{"line":49,"column":46}},{"start":{"line":49,"column":49},"end":{"line":49,"column":72}}]},"3":{"loc":{"start":{"line":78,"column":29},"end":{"line":78,"column":78}},"type":"cond-expr","locations":[{"start":{"line":78,"column":67},"end":{"line":78,"column":71}},{"start":{"line":78,"column":71},"end":{"line":78,"column":78}}]},"4":{"loc":{"start":{"line":78,"column":29},"end":{"line":78,"column":71}},"type":"binary-expr","locations":[{"start":{"line":78,"column":29},"end":{"line":78,"column":71}},{"start":{"line":78,"column":67},"end":{"line":78,"column":71}}]},"5":{"loc":{"start":{"line":78,"column":29},"end":{"line":78,"column":67}},"type":"cond-expr","locations":[{"start":{"line":78,"column":43},"end":{"line":78,"column":47}},{"start":{"line":78,"column":47},"end":{"line":78,"column":67}}]},"6":{"loc":{"start":{"line":78,"column":29},"end":{"line":78,"column":47}},"type":"binary-expr","locations":[{"start":{"line":78,"column":29},"end":{"line":78,"column":47}},{"start":{"line":78,"column":43},"end":{"line":78,"column":47}}]},"7":{"loc":{"start":{"line":93,"column":35},"end":{"line":93,"column":84}},"type":"cond-expr","locations":[{"start":{"line":93,"column":73},"end":{"line":93,"column":77}},{"start":{"line":93,"column":77},"end":{"line":93,"column":84}}]},"8":{"loc":{"start":{"line":93,"column":35},"end":{"line":93,"column":77}},"type":"binary-expr","locations":[{"start":{"line":93,"column":35},"end":{"line":93,"column":77}},{"start":{"line":93,"column":73},"end":{"line":93,"column":77}}]},"9":{"loc":{"start":{"line":93,"column":35},"end":{"line":93,"column":73}},"type":"cond-expr","locations":[{"start":{"line":93,"column":49},"end":{"line":93,"column":53}},{"start":{"line":93,"column":53},"end":{"line":93,"column":73}}]},"10":{"loc":{"start":{"line":93,"column":35},"end":{"line":93,"column":53}},"type":"binary-expr","locations":[{"start":{"line":93,"column":35},"end":{"line":93,"column":53}},{"start":{"line":93,"column":49},"end":{"line":93,"column":53}}]}},"s":{"0":3,"1":3,"2":3,"3":3,"4":4,"5":4,"6":2,"7":3,"8":3,"9":3,"10":2,"11":3,"12":2,"13":2,"14":3,"15":5,"16":5,"17":5,"18":2,"19":2,"20":2,"21":6,"22":6,"23":6,"24":4,"25":4,"26":4,"27":1,"28":1,"29":1,"30":5,"31":5,"32":5,"33":3,"34":3},"f":{"0":4,"1":3,"2":2,"3":3,"4":5,"5":2,"6":6,"7":4,"8":1,"9":5},"b":{"0":[1],"1":[1,1],"2":[1,1],"3":[5,1],"4":[6,6],"5":[4,2],"6":[6,6],"7":[4,1],"8":[5,5],"9":[3,2],"10":[5,5]}}
,"/Users/lakshmana/projects/perse/react_prep/lib/zustand/demoStores.ts": {"path":"/Users/lakshmana/projects/perse/react_prep/lib/zustand/demoStores.ts","statementMap":{"0":{"start":{"line":1,"column":0},"end":{"line":1,"column":33}},"1":{"start":{"line":2,"column":0},"end":{"line":2,"column":64}},"2":{"start":{"line":14,"column":13},"end":{"line":29,"column":4}},"3":{"start":{"line":14,"column":62},"end":{"line":29,"column":2}},"4":{"start":{"line":19,"column":4},"end":{"line":22,"column":7}},"5":{"start":{"line":19,"column":20},"end":{"line":22,"column":6}},"6":{"start":{"line":24,"column":4},"end":{"line":27,"column":7}},"7":{"start":{"line":24,"column":20},"end":{"line":27,"column":6}},"8":{"start":{"line":28,"column":15},"end":{"line":28,"column":53}},"9":{"start":{"line":37,"column":13},"end":{"line":48,"column":2}},"10":{"start":{"line":39,"column":14},"end":{"line":42,"column":6}},"11":{"start":{"line":41,"column":29},"end":{"line":41,"column":44}},"12":{"start":{"line":45,"column":39},"end":{"line":45,"column":53}},"13":{"start":{"line":60,"column":17},"end":{"line":60,"column":18}},"14":{"start":{"line":62,"column":13},"end":{"line":81,"column":4}},"15":{"start":{"line":62,"column":61},"end":{"line":81,"column":2}},"16":{"start":{"line":65,"column":20},"end":{"line":65,"column":31}},"17":{"start":{"line":66,"column":4},"end":{"line":66,"column":25}},"18":{"start":{"line":66,"column":18},"end":{"line":66,"column":25}},"19":{"start":{"line":67,"column":4},"end":{"line":69,"column":7}},"20":{"start":{"line":72,"column":4},"end":{"line":76,"column":6}},"21":{"start":{"line":74,"column":8},"end":{"line":74,"column":61}},"22":{"start":{"line":78,"column":4},"end":{"line":80,"column":6}},"23":{"start":{"line":79,"column":42},"end":{"line":79,"column":52}}},"fnMap":{"0":{"name":"(anonymous_0)","decl":{"start":{"line":14,"column":52},"end":{"line":14,"column":53}},"loc":{"start":{"line":14,"column":62},"end":{"line":29,"column":2}}},"1":{"name":"(anonymous_1)","decl":{"start":{"line":18,"column":13},"end":{"line":18,"column":16}},"loc":{"start":{"line":19,"column":4},"end":{"line":22,"column":7}}},"2":{"name":"(anonymous_2)","decl":{"start":{"line":19,"column":8},"end":{"line":19,"column":9}},"loc":{"start":{"line":19,"column":20},"end":{"line":22,"column":6}}},"3":{"name":"(anonymous_3)","decl":{"start":{"line":23,"column":13},"end":{"line":23,"column":16}},"loc":{"start":{"line":24,"column":4},"end":{"line":27,"column":7}}},"4":{"name":"(anonymous_4)","decl":{"start":{"line":24,"column":8},"end":{"line":24,"column":9}},"loc":{"start":{"line":24,"column":20},"end":{"line":27,"column":6}}},"5":{"name":"(anonymous_5)","decl":{"start":{"line":28,"column":9},"end":{"line":28,"column":12}},"loc":{"start":{"line":28,"column":15},"end":{"line":28,"column":53}}},"6":{"name":"(anonymous_6)","decl":{"start":{"line":39,"column":4},"end":{"line":39,"column":5}},"loc":{"start":{"line":39,"column":14},"end":{"line":42,"column":6}}},"7":{"name":"(anonymous_7)","decl":{"start":{"line":41,"column":17},"end":{"line":41,"column":18}},"loc":{"start":{"line":41,"column":29},"end":{"line":41,"column":44}}},"8":{"name":"(anonymous_8)","decl":{"start":{"line":45,"column":33},"end":{"line":45,"column":36}},"loc":{"start":{"line":45,"column":39},"end":{"line":45,"column":53}}},"9":{"name":"(anonymous_9)","decl":{"start":{"line":62,"column":46},"end":{"line":62,"column":47}},"loc":{"start":{"line":62,"column":61},"end":{"line":81,"column":2}}},"10":{"name":"(anonymous_10)","decl":{"start":{"line":64,"column":11},"end":{"line":64,"column":12}},"loc":{"start":{"line":64,"column":20},"end":{"line":70,"column":3}}},"11":{"name":"(anonymous_11)","decl":{"start":{"line":71,"column":14},"end":{"line":71,"column":15}},"loc":{"start":{"line":72,"column":4},"end":{"line":76,"column":6}}},"12":{"name":"(anonymous_12)","decl":{"start":{"line":73,"column":29},"end":{"line":73,"column":30}},"loc":{"start":{"line":74,"column":8},"end":{"line":74,"column":61}}},"13":{"name":"(anonymous_13)","decl":{"start":{"line":77,"column":13},"end":{"line":77,"column":16}},"loc":{"start":{"line":78,"column":4},"end":{"line":80,"column":6}}},"14":{"name":"(anonymous_14)","decl":{"start":{"line":79,"column":32},"end":{"line":79,"column":33}},"loc":{"start":{"line":79,"column":42},"end":{"line":79,"column":52}}}},"branchMap":{"0":{"loc":{"start":{"line":66,"column":4},"end":{"line":66,"column":25}},"type":"if","locations":[{"start":{"line":66,"column":4},"end":{"line":66,"column":25}},{"start":{},"end":{}}]},"1":{"loc":{"start":{"line":74,"column":8},"end":{"line":74,"column":61}},"type":"cond-expr","locations":[{"start":{"line":74,"column":24},"end":{"line":74,"column":55}},{"start":{"line":74,"column":57},"end":{"line":74,"column":61}}]}},"s":{"0":1,"1":1,"2":1,"3":1,"4":3,"5":3,"6":1,"7":1,"8":3,"9":1,"10":1,"11":1,"12":1,"13":1,"14":1,"15":1,"16":5,"17":5,"18":1,"19":4,"20":2,"21":3,"22":1,"23":2},"f":{"0":1,"1":3,"2":3,"3":1,"4":1,"5":3,"6":1,"7":1,"8":1,"9":1,"10":5,"11":2,"12":3,"13":1,"14":2},"b":{"0":[1,4],"1":[2,1]}}
}
