TN:
SF:components/RenderDebugBadge.tsx
FN:6,RenderDebugBadge
FNF:1
FNH:1
FNDA:1,RenderDebugBadge
DA:6,1
DA:7,1
LF:2
LH:2
BRF:0
BRH:0
end_of_record
TN:
SF:components/context/splitUserContext.tsx
FN:24,SplitUserProvider
FN:31,(anonymous_1)
FN:32,(anonymous_2)
FN:32,(anonymous_3)
FN:33,(anonymous_4)
FN:33,(anonymous_5)
FN:34,(anonymous_6)
FN:34,(anonymous_7)
FN:49,useUserState
FN:59,useUserDispatch
FNF:10
FNH:10
FNDA:7,SplitUserProvider
FNDA:4,(anonymous_1)
FNDA:1,(anonymous_2)
FNDA:1,(anonymous_3)
FNDA:1,(anonymous_4)
FNDA:1,(anonymous_5)
FNDA:1,(anonymous_6)
FNDA:1,(anonymous_7)
FNDA:10,useUserState
FNDA:6,useUserDispatch
DA:3,1
DA:10,1
DA:21,1
DA:22,1
DA:24,1
DA:25,7
DA:30,7
DA:31,4
DA:32,1
DA:33,1
DA:34,1
DA:41,7
DA:49,1
DA:50,10
DA:51,9
DA:52,2
DA:54,7
DA:59,1
DA:60,6
DA:61,5
DA:62,2
DA:64,3
LF:22
LH:22
BRDA:51,0,0,2
BRDA:51,0,1,7
BRDA:61,1,0,2
BRDA:61,1,1,3
BRF:4
BRH:4
end_of_record
TN:
SF:components/context/userContext.tsx
FN:22,UserProvider
FN:38,(anonymous_1)
FN:54,useUser
FNF:3
FNH:3
FNDA:8,UserProvider
FNDA:8,(anonymous_1)
FNDA:11,useUser
DA:3,1
DA:10,1
DA:20,1
DA:22,1
DA:30,8
DA:31,8
DA:32,8
DA:37,8
DA:38,8
DA:50,8
DA:54,1
DA:55,11
DA:56,10
DA:57,2
DA:59,8
LF:15
LH:15
BRDA:24,0,0,7
BRDA:56,1,0,2
BRDA:56,1,1,8
BRF:3
BRH:3
end_of_record
TN:
SF:components/context/userTypes.ts
FNF:0
FNH:0
DA:7,3
LF:1
LH:1
BRF:0
BRH:0
end_of_record
TN:
SF:lib/debugLog.ts
FN:2,debugLog
FNF:1
FNH:1
FNDA:1,debugLog
DA:2,1
DA:3,1
DA:4,1
LF:3
LH:3
BRDA:3,0,0,0
BRDA:3,0,1,1
BRF:2
BRH:1
end_of_record
TN:
SF:lib/mock/demoApi.ts
FN:15,delay
FN:16,(anonymous_1)
FN:19,fetchFruits
FN:28,addFruit
FN:36,getFruitFetchCount
FN:54,fetchUsers
FN:62,createUser
FNF:7
FNH:7
FNDA:6,delay
FNDA:6,(anonymous_1)
FNDA:2,fetchFruits
FNDA:2,addFruit
FNDA:2,getFruitFetchCount
FNDA:2,fetchUsers
FNDA:2,createUser
DA:6,3
DA:12,3
DA:13,3
DA:16,6
DA:19,3
DA:20,2
DA:21,2
DA:22,2
DA:23,1
DA:25,1
DA:28,3
DA:29,2
DA:30,2
DA:31,1
DA:32,1
DA:33,1
DA:36,3
DA:37,2
DA:46,3
DA:52,3
DA:54,3
DA:55,2
DA:56,2
DA:57,1
DA:59,1
DA:62,3
DA:66,2
DA:67,2
DA:68,2
DA:69,1
DA:70,1
DA:71,1
DA:72,1
LF:33
LH:33
BRDA:22,0,0,1
BRDA:22,0,1,1
BRDA:22,1,0,1
BRDA:22,1,1,1
BRDA:22,2,0,2
BRDA:22,2,1,2
BRDA:30,3,0,1
BRDA:30,3,1,1
BRDA:56,4,0,1
BRDA:56,4,1,1
BRDA:56,5,0,1
BRDA:56,5,1,1
BRDA:56,6,0,2
BRDA:56,6,1,2
BRDA:68,7,0,1
BRDA:68,7,1,1
BRDA:68,8,0,2
BRDA:68,8,1,1
BRF:18
BRH:18
end_of_record
TN:
SF:lib/redux/counterSlice.ts
FN:20,(anonymous_0)
FN:21,(anonymous_1)
FN:30,(anonymous_2)
FN:34,(anonymous_3)
FN:38,(anonymous_4)
FN:45,(anonymous_5)
FN:47,(anonymous_6)
FN:51,(anonymous_7)
FN:56,(anonymous_8)
FNF:9
FNH:9
FNDA:2,(anonymous_0)
FNDA:2,(anonymous_1)
FNDA:7,(anonymous_2)
FNDA:1,(anonymous_3)
FNDA:1,(anonymous_4)
FNDA:4,(anonymous_5)
FNDA:4,(anonymous_6)
FNDA:2,(anonymous_7)
FNDA:1,(anonymous_8)
DA:3,4
DA:12,4
DA:20,4
DA:21,2
DA:22,1
DA:25,4
DA:31,7
DA:32,7
DA:35,1
DA:36,1
DA:39,1
DA:40,1
DA:41,1
DA:46,4
DA:48,4
DA:49,4
DA:52,2
DA:53,2
DA:54,2
DA:57,1
DA:58,1
DA:63,4
DA:64,4
LF:23
LH:23
BRF:0
BRH:0
end_of_record
TN:
SF:lib/redux/hooks.ts
FNF:0
FNH:0
DA:3,1
DA:6,1
DA:7,1
LF:3
LH:3
BRF:0
BRH:0
end_of_record
TN:
SF:lib/redux/selectors.ts
FN:6,(anonymous_0)
FN:7,(anonymous_1)
FN:10,(anonymous_2)
FN:15,(anonymous_3)
FNF:4
FNH:4
FNDA:5,(anonymous_0)
FNDA:2,(anonymous_1)
FNDA:2,(anonymous_2)
FNDA:1,(anonymous_3)
DA:3,1
DA:6,5
DA:7,2
DA:10,2
DA:13,1
DA:15,1
LF:6
LH:6
BRF:0
BRH:0
end_of_record
TN:
SF:lib/redux/store.ts
FN:7,createDemoStore
FNF:1
FNH:1
FNDA:9,createDemoStore
DA:3,4
DA:4,4
DA:5,4
DA:7,4
DA:8,9
LF:5
LH:5
BRF:0
BRH:0
end_of_record
TN:
SF:lib/redux/thunkHooks.ts
FNF:0
FNH:0
DA:3,1
DA:6,1
DA:7,1
LF:3
LH:3
BRF:0
BRH:0
end_of_record
TN:
SF:lib/redux/thunkStore.ts
FN:6,createThunkDemoStore
FNF:1
FNH:1
FNDA:10,createThunkDemoStore
DA:3,3
DA:4,3
DA:6,3
DA:7,10
LF:4
LH:4
BRF:0
BRH:0
end_of_record
TN:
SF:lib/redux/uiSlice.ts
FN:17,(anonymous_0)
FN:20,(anonymous_1)
FNF:2
FNH:2
FNDA:5,(anonymous_0)
FNDA:1,(anonymous_1)
DA:3,5
DA:9,5
DA:13,5
DA:18,5
DA:21,1
DA:26,5
DA:27,5
LF:7
LH:7
BRDA:18,0,0,4
BRDA:18,0,1,1
BRF:2
BRH:2
end_of_record
TN:
SF:lib/redux/usersSlice.ts
FN:27,(anonymous_0)
FN:41,(anonymous_1)
FN:59,(anonymous_2)
FN:64,(anonymous_3)
FN:66,(anonymous_4)
FN:71,(anonymous_5)
FN:76,(anonymous_6)
FN:81,(anonymous_7)
FN:86,(anonymous_8)
FN:91,(anonymous_9)
FNF:10
FNH:10
FNDA:4,(anonymous_0)
FNDA:3,(anonymous_1)
FNDA:2,(anonymous_2)
FNDA:3,(anonymous_3)
FNDA:5,(anonymous_4)
FNDA:2,(anonymous_5)
FNDA:6,(anonymous_6)
FNDA:4,(anonymous_7)
FNDA:1,(anonymous_8)
FNDA:5,(anonymous_9)
DA:3,3
DA:4,3
DA:15,3
DA:25,3
DA:28,4
DA:29,4
DA:31,2
DA:39,3
DA:45,3
DA:46,3
DA:48,2
DA:55,3
DA:60,2
DA:61,2
DA:65,3
DA:67,5
DA:68,5
DA:69,5
DA:72,2
DA:73,2
DA:74,2
DA:77,6
DA:78,6
DA:79,6
DA:82,4
DA:83,4
DA:84,4
DA:87,1
DA:88,1
DA:89,1
DA:92,5
DA:93,5
DA:94,5
DA:99,3
DA:100,3
LF:35
LH:35
BRDA:27,0,0,1
BRDA:32,1,0,1
BRDA:32,1,1,1
BRDA:49,2,0,1
BRDA:49,2,1,1
BRDA:78,3,0,5
BRDA:78,3,1,1
BRDA:78,4,0,6
BRDA:78,4,1,6
BRDA:78,5,0,4
BRDA:78,5,1,2
BRDA:78,6,0,6
BRDA:78,6,1,6
BRDA:93,7,0,4
BRDA:93,7,1,1
BRDA:93,8,0,5
BRDA:93,8,1,5
BRDA:93,9,0,3
BRDA:93,9,1,2
BRDA:93,10,0,5
BRDA:93,10,1,5
BRF:21
BRH:21
end_of_record
TN:
SF:lib/zustand/demoStores.ts
FN:14,(anonymous_0)
FN:18,(anonymous_1)
FN:19,(anonymous_2)
FN:23,(anonymous_3)
FN:24,(anonymous_4)
FN:28,(anonymous_5)
FN:39,(anonymous_6)
FN:41,(anonymous_7)
FN:45,(anonymous_8)
FN:62,(anonymous_9)
FN:64,(anonymous_10)
FN:71,(anonymous_11)
FN:73,(anonymous_12)
FN:77,(anonymous_13)
FN:79,(anonymous_14)
FNF:15
FNH:15
FNDA:1,(anonymous_0)
FNDA:3,(anonymous_1)
FNDA:3,(anonymous_2)
FNDA:1,(anonymous_3)
FNDA:1,(anonymous_4)
FNDA:3,(anonymous_5)
FNDA:1,(anonymous_6)
FNDA:1,(anonymous_7)
FNDA:1,(anonymous_8)
FNDA:1,(anonymous_9)
FNDA:5,(anonymous_10)
FNDA:2,(anonymous_11)
FNDA:3,(anonymous_12)
FNDA:1,(anonymous_13)
FNDA:2,(anonymous_14)
DA:1,1
DA:2,1
DA:14,1
DA:19,3
DA:24,1
DA:28,3
DA:37,1
DA:39,1
DA:41,1
DA:45,1
DA:60,1
DA:62,1
DA:65,5
DA:66,5
DA:67,4
DA:72,2
DA:74,3
DA:78,1
DA:79,2
LF:19
LH:19
BRDA:66,0,0,1
BRDA:66,0,1,4
BRDA:74,1,0,2
BRDA:74,1,1,1
BRF:4
BRH:4
end_of_record
